INFO: [VRFC 10-2263] Analyzing Verilog file "E:/Vivado2019/Projects/CPU_Pipeline/CPU_Pipeline.srcs/sources_1/ip/data_ram/sim/data_ram.v" into library xil_defaultlib
INFO: [VRFC 10-311] analyzing module data_ram
INFO: [VRFC 10-2263] Analyzing Verilog file "E:/Vivado2019/Projects/CPU_Pipeline/CPU_Pipeline.srcs/sources_1/ip/inst_rom/sim/inst_rom.v" into library xil_defaultlib
INFO: [VRFC 10-311] analyzing module inst_rom
INFO: [VRFC 10-2263] Analyzing Verilog file "E:/Vivado2019/Projects/CPU_Pipeline/CPU_Pipeline.srcs/sources_1/new/control.v" into library xil_defaultlib
INFO: [VRFC 10-311] analyzing module control
INFO: [VRFC 10-2263] Analyzing Verilog file "E:/Vivado2019/Projects/CPU_Pipeline/CPU_Pipeline.srcs/sources_1/new/cpu_pipeline.v" into library xil_defaultlib
INFO: [VRFC 10-311] analyzing module cpu_pipeline
INFO: [VRFC 10-2263] Analyzing Verilog file "E:/Vivado2019/Projects/CPU_Pipeline/CPU_Pipeline.srcs/sources_1/new/ex.v" into library xil_defaultlib
INFO: [VRFC 10-311] analyzing module ex
INFO: [VRFC 10-2263] Analyzing Verilog file "E:/Vivado2019/Projects/CPU_Pipeline/CPU_Pipeline.srcs/sources_1/new/ex_mem.v" into library xil_defaultlib
INFO: [VRFC 10-311] analyzing module ex_mem
INFO: [VRFC 10-2263] Analyzing Verilog file "E:/Vivado2019/Projects/CPU_Pipeline/CPU_Pipeline.srcs/sources_1/new/id.v" into library xil_defaultlib
INFO: [VRFC 10-311] analyzing module id
INFO: [VRFC 10-2263] Analyzing Verilog file "E:/Vivado2019/Projects/CPU_Pipeline/CPU_Pipeline.srcs/sources_1/new/id_ex.v" into library xil_defaultlib
INFO: [VRFC 10-311] analyzing module id_ex
INFO: [VRFC 10-2263] Analyzing Verilog file "E:/Vivado2019/Projects/CPU_Pipeline/CPU_Pipeline.srcs/sources_1/new/if_id.v" into library xil_defaultlib
INFO: [VRFC 10-311] analyzing module if_id
INFO: [VRFC 10-2263] Analyzing Verilog file "E:/Vivado2019/Projects/CPU_Pipeline/CPU_Pipeline.srcs/sources_1/new/mem.v" into library xil_defaultlib
INFO: [VRFC 10-311] analyzing module mem
INFO: [VRFC 10-2263] Analyzing Verilog file "E:/Vivado2019/Projects/CPU_Pipeline/CPU_Pipeline.srcs/sources_1/new/mem_wb.v" into library xil_defaultlib
INFO: [VRFC 10-311] analyzing module mem_wb
INFO: [VRFC 10-2263] Analyzing Verilog file "E:/Vivado2019/Projects/CPU_Pipeline/CPU_Pipeline.srcs/sources_1/new/pc.v" into library xil_defaultlib
INFO: [VRFC 10-311] analyzing module pc
INFO: [VRFC 10-2263] Analyzing Verilog file "E:/Vivado2019/Projects/CPU_Pipeline/CPU_Pipeline.srcs/sources_1/new/regfile.v" into library xil_defaultlib
INFO: [VRFC 10-311] analyzing module regfile
INFO: [VRFC 10-2263] Analyzing Verilog file "E:/Vivado2019/Projects/CPU_Pipeline/CPU_Pipeline.srcs/sim_1/new/testbench.v" into library xil_defaultlib
INFO: [VRFC 10-311] analyzing module testbench
