#-----------------------------------------------------------
# Vivado v2019.2 (64-bit)
# SW Build 2708876 on Wed Nov  6 21:40:23 MST 2019
# IP Build 2700528 on Thu Nov  7 00:09:20 MST 2019
# Start of session at: Wed Sep  8 15:17:10 2021
# Process ID: 4196
# Current directory: D:/Documents/vivado/BitExample
# Command line: vivado.exe -gui_launcher_event rodinguilauncherevent27624 D:\Documents\vivado\BitExample\BitExample.xpr
# Log file: D:/Documents/vivado/BitExample/vivado.log
# Journal file: D:/Documents/vivado/BitExample\vivado.jou
#-----------------------------------------------------------
start_gui
open_project D:/Documents/vivado/BitExample/BitExample.xpr
INFO: [Project 1-313] Project file moved from 'D:/myproject/n338/BitExample' since last save.
Scanning sources...
Finished scanning sources
INFO: [Project 1-230] Project 'BitExample.xpr' upgraded for this version of Vivado.
INFO: [IP_Flow 19-234] Refreshing IP repositories
INFO: [IP_Flow 19-1704] No user IP repositories specified
INFO: [IP_Flow 19-2313] Loaded Vivado IP repository 'D:/Xilinx/Vivado/2019.2/data/ip'.
open_project: Time (s): cpu = 00:00:14 ; elapsed = 00:00:08 . Memory (MB): peak = 895.031 ; gain = 241.223
update_compile_order -fileset sources_1
exit
INFO: [Common 17-206] Exiting Vivado at Thu Sep  9 21:42:54 2021...
