#-----------------------------------------------------------
# Vivado v2019.2 (64-bit)
# SW Build 2708876 on Wed Nov  6 21:40:23 MST 2019
# IP Build 2700528 on Thu Nov  7 00:09:20 MST 2019
# Start of session at: Wed Sep 29 15:13:17 2021
# Process ID: 10536
# Current directory: D:/Documents/vivado/CPU_Pipeline
# Command line: vivado.exe -gui_launcher_event rodinguilauncherevent9856 D:\Documents\vivado\CPU_Pipeline\CPU_Pipeline.xpr
# Log file: D:/Documents/vivado/CPU_Pipeline/vivado.log
# Journal file: D:/Documents/vivado/CPU_Pipeline\vivado.jou
#-----------------------------------------------------------
start_gui
open_project D:/Documents/vivado/CPU_Pipeline/CPU_Pipeline.xpr
INFO: [Common 17-41] Interrupt caught. Command should exit soon.
INFO: [Common 17-344] 'open_project' was cancelled
exit
INFO: [Common 17-206] Exiting Vivado at Wed Sep 29 15:13:40 2021...
itories
INFO: [IP_Flow 19-1704] No user IP repositories specified
INFO: [IP_Flow 19-2313] Loaded Vivado IP repository 'D:/Xilinx/Vivado/2019.2/data/ip'.
open_project: Time (s): cpu = 00:00:22 ; elapsed = 00:00:14 . Memory (MB): peak = 900.887 ; gain = 277.520
update_compile_order -fileset sources_1
exit
INFO: [Common 17-206] Exiting Vivado at Wed Sep 29 15:25:36 2021...
