
*** Running vivado
    with args -log single_cycle.vds -m64 -product Vivado -mode batch -messageDb vivado.pb -notrace -source single_cycle.tcl


****** Vivado v2019.2 (64-bit)
  **** SW Build 2708876 on Wed Nov  6 21:40:23 MST 2019
  **** IP Build 2700528 on Thu Nov  7 00:09:20 MST 2019
    ** Copyright 1986-2019 Xilinx, Inc. All Rights Reserved.

source single_cycle.tcl -notrace
Command: synth_design -top single_cycle -part xc7a35tcsg324-1
Starting synth_design
Attempting to get a license for feature 'Synthesis' and/or device 'xc7a35t'
INFO: [Common 17-349] Got license for feature 'Synthesis' and/or device 'xc7a35t'
INFO: [Device 21-403] Loading part xc7a35tcsg324-1
INFO: Launching helper process for spawning children vivado processes
INFO: Helper process launched with PID 4100 
WARNING: [Synth 8-2306] macro ALU_SUB redefined [D:/Documents/vivado/single_cycle/single_cycle.srcs/sources_1/new/myCPU/macro.vh:36]
WARNING: [Synth 8-2306] macro ALU_SUB redefined [D:/Documents/vivado/single_cycle/single_cycle.srcs/sources_1/new/myCPU/macro.vh:28]
WARNING: [Synth 8-2306] macro ALU_SUB redefined [D:/Documents/vivado/single_cycle/single_cycle.srcs/sources_1/new/myCPU/macro.vh:36]
---------------------------------------------------------------------------------
Starting RTL Elaboration : Time (s): cpu = 00:00:05 ; elapsed = 00:00:04 . Memory (MB): peak = 962.844 ; gain = 237.969
---------------------------------------------------------------------------------
INFO: [Synth 8-6157] synthesizing module 'single_cycle' [D:/Documents/vivado/single_cycle/single_cycle.srcs/sources_1/new/single_cycle.v:3]
INFO: [Synth 8-6157] synthesizing module 'mycpu' [D:/Documents/vivado/single_cycle/single_cycle.srcs/sources_1/new/myCPU/cpu.v:23]
INFO: [Synth 8-6157] synthesizing module 'pc' [D:/Documents/vivado/single_cycle/single_cycle.srcs/sources_1/new/myCPU/pc.v:23]
INFO: [Synth 8-6155] done synthesizing module 'pc' (1#1) [D:/Documents/vivado/single_cycle/single_cycle.srcs/sources_1/new/myCPU/pc.v:23]
INFO: [Synth 8-6157] synthesizing module 'regfile' [D:/Documents/vivado/single_cycle/single_cycle.srcs/sources_1/new/myCPU/regfile.v:23]
INFO: [Synth 8-5534] Detected attribute (* mark_debug = "true" *) [D:/Documents/vivado/single_cycle/single_cycle.srcs/sources_1/new/myCPU/regfile.v:39]
INFO: [Synth 8-6155] done synthesizing module 'regfile' (2#1) [D:/Documents/vivado/single_cycle/single_cycle.srcs/sources_1/new/myCPU/regfile.v:23]
INFO: [Synth 8-6157] synthesizing module 'alu' [D:/Documents/vivado/single_cycle/single_cycle.srcs/sources_1/new/myCPU/alu.v:24]
INFO: [Synth 8-6155] done synthesizing module 'alu' (3#1) [D:/Documents/vivado/single_cycle/single_cycle.srcs/sources_1/new/myCPU/alu.v:24]
INFO: [Synth 8-6157] synthesizing module 'control' [D:/Documents/vivado/single_cycle/single_cycle.srcs/sources_1/new/myCPU/control.v:24]
INFO: [Synth 8-6155] done synthesizing module 'control' (4#1) [D:/Documents/vivado/single_cycle/single_cycle.srcs/sources_1/new/myCPU/control.v:24]
INFO: [Synth 8-6155] done synthesizing module 'mycpu' (5#1) [D:/Documents/vivado/single_cycle/single_cycle.srcs/sources_1/new/myCPU/cpu.v:23]
INFO: [Synth 8-6157] synthesizing module 'inst_rom' [D:/Documents/vivado/single_cycle/single_cycle.runs/synth_1/.Xil/Vivado-26320-DESKTOP-6IOG41U/realtime/inst_rom_stub.v:6]
INFO: [Synth 8-6155] done synthesizing module 'inst_rom' (6#1) [D:/Documents/vivado/single_cycle/single_cycle.runs/synth_1/.Xil/Vivado-26320-DESKTOP-6IOG41U/realtime/inst_rom_stub.v:6]
INFO: [Synth 8-6157] synthesizing module 'data_ram' [D:/Documents/vivado/single_cycle/single_cycle.runs/synth_1/.Xil/Vivado-26320-DESKTOP-6IOG41U/realtime/data_ram_stub.v:6]
INFO: [Synth 8-6155] done synthesizing module 'data_ram' (7#1) [D:/Documents/vivado/single_cycle/single_cycle.runs/synth_1/.Xil/Vivado-26320-DESKTOP-6IOG41U/realtime/data_ram_stub.v:6]
INFO: [Synth 8-6157] synthesizing module 'confreg' [D:/Documents/vivado/single_cycle/single_cycle.srcs/sources_1/new/confreg/confreg.v:14]
INFO: [Synth 8-226] default block is never used [D:/Documents/vivado/single_cycle/single_cycle.srcs/sources_1/new/confreg/confreg.v:282]
INFO: [Synth 8-226] default block is never used [D:/Documents/vivado/single_cycle/single_cycle.srcs/sources_1/new/confreg/confreg.v:313]
INFO: [Synth 8-226] default block is never used [D:/Documents/vivado/single_cycle/single_cycle.srcs/sources_1/new/confreg/confreg.v:333]
INFO: [Synth 8-6155] done synthesizing module 'confreg' (8#1) [D:/Documents/vivado/single_cycle/single_cycle.srcs/sources_1/new/confreg/confreg.v:14]
INFO: [Synth 8-6155] done synthesizing module 'single_cycle' (9#1) [D:/Documents/vivado/single_cycle/single_cycle.srcs/sources_1/new/single_cycle.v:3]
WARNING: [Synth 8-3331] design confreg has unconnected port confreg_addr[31]
WARNING: [Synth 8-3331] design confreg has unconnected port confreg_addr[30]
WARNING: [Synth 8-3331] design confreg has unconnected port confreg_addr[29]
WARNING: [Synth 8-3331] design confreg has unconnected port confreg_addr[28]
WARNING: [Synth 8-3331] design confreg has unconnected port confreg_addr[27]
WARNING: [Synth 8-3331] design confreg has unconnected port confreg_addr[26]
WARNING: [Synth 8-3331] design confreg has unconnected port confreg_addr[25]
WARNING: [Synth 8-3331] design confreg has unconnected port confreg_addr[24]
WARNING: [Synth 8-3331] design confreg has unconnected port confreg_addr[23]
WARNING: [Synth 8-3331] design confreg has unconnected port confreg_addr[22]
WARNING: [Synth 8-3331] design confreg has unconnected port confreg_addr[21]
WARNING: [Synth 8-3331] design confreg has unconnected port confreg_addr[20]
WARNING: [Synth 8-3331] design confreg has unconnected port confreg_addr[19]
WARNING: [Synth 8-3331] design confreg has unconnected port confreg_addr[18]
WARNING: [Synth 8-3331] design confreg has unconnected port confreg_addr[17]
WARNING: [Synth 8-3331] design confreg has unconnected port confreg_addr[16]
---------------------------------------------------------------------------------
Finished RTL Elaboration : Time (s): cpu = 00:00:06 ; elapsed = 00:00:05 . Memory (MB): peak = 1014.602 ; gain = 289.727
---------------------------------------------------------------------------------

Report Check Netlist: 
+------+------------------+-------+---------+-------+------------------+
|      |Item              |Errors |Warnings |Status |Description       |
+------+------------------+-------+---------+-------+------------------+
|1     |multi_driven_nets |      0|        0|Passed |Multi driven nets |
+------+------------------+-------+---------+-------+------------------+
---------------------------------------------------------------------------------
Start Handling Custom Attributes
---------------------------------------------------------------------------------
---------------------------------------------------------------------------------
Finished Handling Custom Attributes : Time (s): cpu = 00:00:06 ; elapsed = 00:00:06 . Memory (MB): peak = 1014.602 ; gain = 289.727
---------------------------------------------------------------------------------
---------------------------------------------------------------------------------
Finished RTL Optimization Phase 1 : Time (s): cpu = 00:00:06 ; elapsed = 00:00:06 . Memory (MB): peak = 1014.602 ; gain = 289.727
---------------------------------------------------------------------------------
Netlist sorting complete. Time (s): cpu = 00:00:00 ; elapsed = 00:00:00.031 . Memory (MB): peak = 1014.602 ; gain = 0.000
INFO: [Project 1-570] Preparing netlist for logic optimization

Processing XDC Constraints
Initializing timing engine
Parsing XDC File [D:/Documents/vivado/single_cycle/single_cycle.runs/synth_1/.Xil/Vivado-26320-DESKTOP-6IOG41U/data_ram/data_ram/data_ram_in_context.xdc] for cell 'data_ram_4k'
Finished Parsing XDC File [D:/Documents/vivado/single_cycle/single_cycle.runs/synth_1/.Xil/Vivado-26320-DESKTOP-6IOG41U/data_ram/data_ram/data_ram_in_context.xdc] for cell 'data_ram_4k'
Parsing XDC File [d:/Documents/vivado/single_cycle/single_cycle.srcs/sources_1/new/ip/inst_rom/inst_rom/inst_rom_in_context.xdc] for cell 'inst_rom_4k'
Finished Parsing XDC File [d:/Documents/vivado/single_cycle/single_cycle.srcs/sources_1/new/ip/inst_rom/inst_rom/inst_rom_in_context.xdc] for cell 'inst_rom_4k'
Parsing XDC File [D:/Documents/vivado/single_cycle/single_cycle.srcs/constrs_1/new/single_cycle.xdc]
Finished Parsing XDC File [D:/Documents/vivado/single_cycle/single_cycle.srcs/constrs_1/new/single_cycle.xdc]
INFO: [Project 1-236] Implementation specific constraints were found while reading constraint file [D:/Documents/vivado/single_cycle/single_cycle.srcs/constrs_1/new/single_cycle.xdc]. These constraints will be ignored for synthesis but will be used in implementation. Impacted constraints are listed in the file [.Xil/single_cycle_propImpl.xdc].
Resolution: To avoid this warning, move constraints listed in [.Xil/single_cycle_propImpl.xdc] to another XDC file and exclude this new file from synthesis with the used_in_synthesis property (File Properties dialog in GUI) and re-run elaboration/synthesis.
Completed Processing XDC Constraints

Netlist sorting complete. Time (s): cpu = 00:00:00 ; elapsed = 00:00:00 . Memory (MB): peak = 1135.402 ; gain = 0.000
INFO: [Project 1-111] Unisim Transformation Summary:
No Unisim elements were transformed.

Constraint Validation Runtime : Time (s): cpu = 00:00:00 ; elapsed = 00:00:00.020 . Memory (MB): peak = 1135.402 ; gain = 0.000
---------------------------------------------------------------------------------
Finished Constraint Validation : Time (s): cpu = 00:00:12 ; elapsed = 00:00:12 . Memory (MB): peak = 1135.402 ; gain = 410.527
---------------------------------------------------------------------------------
---------------------------------------------------------------------------------
Start Loading Part and Timing Information
---------------------------------------------------------------------------------
Loading part: xc7a35tcsg324-1
---------------------------------------------------------------------------------
Finished Loading Part and Timing Information : Time (s): cpu = 00:00:12 ; elapsed = 00:00:12 . Memory (MB): peak = 1135.402 ; gain = 410.527
---------------------------------------------------------------------------------
---------------------------------------------------------------------------------
Start Applying 'set_property' XDC Constraints
---------------------------------------------------------------------------------
Applied set_property DONT_TOUCH = true for data_ram_4k. (constraint file  auto generated constraint, line ).
Applied set_property DONT_TOUCH = true for inst_rom_4k. (constraint file  auto generated constraint, line ).
---------------------------------------------------------------------------------
Finished applying 'set_property' XDC Constraints : Time (s): cpu = 00:00:13 ; elapsed = 00:00:12 . Memory (MB): peak = 1135.402 ; gain = 410.527
---------------------------------------------------------------------------------
INFO: [Synth 8-5546] ROM "get_inst_id" won't be mapped to RAM because it is too sparse
INFO: [Synth 8-5544] ROM "get_alu_op" won't be mapped to Block RAM because address size (4) smaller than threshold (5)
---------------------------------------------------------------------------------
Finished RTL Optimization Phase 2 : Time (s): cpu = 00:00:13 ; elapsed = 00:00:14 . Memory (MB): peak = 1135.402 ; gain = 410.527
---------------------------------------------------------------------------------

Report RTL Partitions: 
+-+--------------+------------+----------+
| |RTL Partition |Replication |Instances |
+-+--------------+------------+----------+
+-+--------------+------------+----------+
---------------------------------------------------------------------------------
Start RTL Component Statistics 
---------------------------------------------------------------------------------
Detailed RTL Component Info : 
+---Adders : 
	   2 Input     32 Bit       Adders := 2     
	   3 Input     32 Bit       Adders := 1     
+---Registers : 
	               32 Bit    Registers := 34    
	                8 Bit    Registers := 2     
	                7 Bit    Registers := 2     
	                4 Bit    Registers := 2     
	                1 Bit    Registers := 10    
+---Muxes : 
	   2 Input     32 Bit        Muxes := 42    
	   5 Input     32 Bit        Muxes := 1     
	   2 Input     18 Bit        Muxes := 1     
	   2 Input      8 Bit        Muxes := 1     
	   4 Input      8 Bit        Muxes := 1     
	   2 Input      5 Bit        Muxes := 1     
	   2 Input      4 Bit        Muxes := 2     
	   3 Input      4 Bit        Muxes := 1     
	   9 Input      4 Bit        Muxes := 1     
	   5 Input      4 Bit        Muxes := 1     
	   4 Input      4 Bit        Muxes := 2     
	   2 Input      1 Bit        Muxes := 10    
---------------------------------------------------------------------------------
Finished RTL Component Statistics 
---------------------------------------------------------------------------------
---------------------------------------------------------------------------------
Start RTL Hierarchical Component Statistics 
---------------------------------------------------------------------------------
Hierarchical RTL Component report 
Module single_cycle 
Detailed RTL Component Info : 
+---Muxes : 
	   2 Input     32 Bit        Muxes := 1     
Module pc 
Detailed RTL Component Info : 
+---Adders : 
	   2 Input     32 Bit       Adders := 1     
+---Registers : 
	               32 Bit    Registers := 1     
+---Muxes : 
	   2 Input     18 Bit        Muxes := 1     
Module regfile 
Detailed RTL Component Info : 
+---Registers : 
	               32 Bit    Registers := 32    
+---Muxes : 
	   2 Input     32 Bit        Muxes := 37    
Module alu 
Detailed RTL Component Info : 
+---Adders : 
	   2 Input     32 Bit       Adders := 1     
	   3 Input     32 Bit       Adders := 1     
+---Muxes : 
	   5 Input     32 Bit        Muxes := 1     
Module control 
Detailed RTL Component Info : 
+---Muxes : 
	   2 Input      4 Bit        Muxes := 2     
	   3 Input      4 Bit        Muxes := 1     
	   9 Input      4 Bit        Muxes := 1     
	   5 Input      4 Bit        Muxes := 1     
	   2 Input      1 Bit        Muxes := 4     
Module mycpu 
Detailed RTL Component Info : 
+---Muxes : 
	   2 Input     32 Bit        Muxes := 3     
	   2 Input      5 Bit        Muxes := 1     
Module confreg 
Detailed RTL Component Info : 
+---Registers : 
	               32 Bit    Registers := 1     
	                8 Bit    Registers := 2     
	                7 Bit    Registers := 2     
	                4 Bit    Registers := 2     
	                1 Bit    Registers := 10    
+---Muxes : 
	   2 Input     32 Bit        Muxes := 1     
	   2 Input      8 Bit        Muxes := 1     
	   4 Input      8 Bit        Muxes := 1     
	   4 Input      4 Bit        Muxes := 2     
	   2 Input      1 Bit        Muxes := 6     
---------------------------------------------------------------------------------
Finished RTL Hierarchical Component Statistics
---------------------------------------------------------------------------------
---------------------------------------------------------------------------------
Start Part Resource Summary
---------------------------------------------------------------------------------
Part Resources:
DSPs: 90 (col length:60)
BRAMs: 100 (col length: RAMB18 60 RAMB36 30)
---------------------------------------------------------------------------------
Finished Part Resource Summary
---------------------------------------------------------------------------------
---------------------------------------------------------------------------------
Start Cross Boundary and Area Optimization
---------------------------------------------------------------------------------
Warning: Parallel synthesis criteria is not met 
INFO: [Synth 8-3886] merging instance 'confreg0/scan_enable_reg[0]' (FDR) to 'confreg0/scan_enable_reg[4]'
INFO: [Synth 8-3886] merging instance 'confreg0/scan_enable_reg[1]' (FDR) to 'confreg0/scan_enable_reg[5]'
INFO: [Synth 8-3886] merging instance 'confreg0/scan_enable_reg[2]' (FDR) to 'confreg0/scan_enable_reg[6]'
INFO: [Synth 8-3886] merging instance 'confreg0/scan_enable_reg[3]' (FDR) to 'confreg0/scan_enable_reg[7]'
---------------------------------------------------------------------------------
Finished Cross Boundary and Area Optimization : Time (s): cpu = 00:00:22 ; elapsed = 00:00:23 . Memory (MB): peak = 1135.402 ; gain = 410.527
---------------------------------------------------------------------------------

Report RTL Partitions: 
+-+--------------+------------+----------+
| |RTL Partition |Replication |Instances |
+-+--------------+------------+----------+
+-+--------------+------------+----------+
---------------------------------------------------------------------------------
Start Applying XDC Timing Constraints
---------------------------------------------------------------------------------
---------------------------------------------------------------------------------
Finished Applying XDC Timing Constraints : Time (s): cpu = 00:00:30 ; elapsed = 00:00:31 . Memory (MB): peak = 1135.402 ; gain = 410.527
---------------------------------------------------------------------------------
---------------------------------------------------------------------------------
Start Timing Optimization
---------------------------------------------------------------------------------
---------------------------------------------------------------------------------
Finished Timing Optimization : Time (s): cpu = 00:00:31 ; elapsed = 00:00:31 . Memory (MB): peak = 1135.402 ; gain = 410.527
---------------------------------------------------------------------------------

Report RTL Partitions: 
+-+--------------+------------+----------+
| |RTL Partition |Replication |Instances |
+-+--------------+------------+----------+
+-+--------------+------------+----------+
---------------------------------------------------------------------------------
Start Technology Mapping
---------------------------------------------------------------------------------
---------------------------------------------------------------------------------
Finished Technology Mapping : Time (s): cpu = 00:00:31 ; elapsed = 00:00:32 . Memory (MB): peak = 1155.707 ; gain = 430.832
---------------------------------------------------------------------------------

Report RTL Partitions: 
+-+--------------+------------+----------+
| |RTL Partition |Replication |Instances |
+-+--------------+------------+----------+
+-+--------------+------------+----------+
---------------------------------------------------------------------------------
Start IO Insertion
---------------------------------------------------------------------------------
---------------------------------------------------------------------------------
Start Flattening Before IO Insertion
---------------------------------------------------------------------------------
---------------------------------------------------------------------------------
Finished Flattening Before IO Insertion
---------------------------------------------------------------------------------
---------------------------------------------------------------------------------
Start Final Netlist Cleanup
---------------------------------------------------------------------------------
---------------------------------------------------------------------------------
Finished Final Netlist Cleanup
---------------------------------------------------------------------------------
---------------------------------------------------------------------------------
Finished IO Insertion : Time (s): cpu = 00:00:36 ; elapsed = 00:00:36 . Memory (MB): peak = 1160.789 ; gain = 435.914
---------------------------------------------------------------------------------
---------------------------------------------------------------------------------
Start Renaming Generated Instances
---------------------------------------------------------------------------------
---------------------------------------------------------------------------------
Finished Renaming Generated Instances : Time (s): cpu = 00:00:36 ; elapsed = 00:00:36 . Memory (MB): peak = 1160.789 ; gain = 435.914
---------------------------------------------------------------------------------

Report RTL Partitions: 
+-+--------------+------------+----------+
| |RTL Partition |Replication |Instances |
+-+--------------+------------+----------+
+-+--------------+------------+----------+

Report Check Netlist: 
+------+------------------+-------+---------+-------+------------------+
|      |Item              |Errors |Warnings |Status |Description       |
+------+------------------+-------+---------+-------+------------------+
|1     |multi_driven_nets |      0|        0|Passed |Multi driven nets |
+------+------------------+-------+---------+-------+------------------+
---------------------------------------------------------------------------------
Start Rebuilding User Hierarchy
---------------------------------------------------------------------------------
---------------------------------------------------------------------------------
Finished Rebuilding User Hierarchy : Time (s): cpu = 00:00:36 ; elapsed = 00:00:37 . Memory (MB): peak = 1160.789 ; gain = 435.914
---------------------------------------------------------------------------------
---------------------------------------------------------------------------------
Start Renaming Generated Ports
---------------------------------------------------------------------------------
---------------------------------------------------------------------------------
Finished Renaming Generated Ports : Time (s): cpu = 00:00:36 ; elapsed = 00:00:37 . Memory (MB): peak = 1160.789 ; gain = 435.914
---------------------------------------------------------------------------------
---------------------------------------------------------------------------------
Start Handling Custom Attributes
---------------------------------------------------------------------------------
---------------------------------------------------------------------------------
Finished Handling Custom Attributes : Time (s): cpu = 00:00:36 ; elapsed = 00:00:37 . Memory (MB): peak = 1160.789 ; gain = 435.914
---------------------------------------------------------------------------------
---------------------------------------------------------------------------------
Start Renaming Generated Nets
---------------------------------------------------------------------------------
---------------------------------------------------------------------------------
Finished Renaming Generated Nets : Time (s): cpu = 00:00:36 ; elapsed = 00:00:37 . Memory (MB): peak = 1160.789 ; gain = 435.914
---------------------------------------------------------------------------------
---------------------------------------------------------------------------------
Start Writing Synthesis Report
---------------------------------------------------------------------------------

Report BlackBoxes: 
+------+--------------+----------+
|      |BlackBox name |Instances |
+------+--------------+----------+
|1     |inst_rom      |         1|
|2     |data_ram      |         1|
+------+--------------+----------+

Report Cell Usage: 
+------+---------+------+
|      |Cell     |Count |
+------+---------+------+
|1     |data_ram |     1|
|2     |inst_rom |     1|
|3     |BUFG     |     1|
|4     |CARRY4   |    55|
|5     |LUT1     |    10|
|6     |LUT2     |    15|
|7     |LUT3     |    40|
|8     |LUT4     |   139|
|9     |LUT5     |    98|
|10    |LUT6     |   723|
|11    |MUXF7    |   256|
|12    |MUXF8    |    56|
|13    |FDCE     |  1035|
|14    |FDRE     |   196|
|15    |IBUF     |    15|
|16    |OBUF     |    30|
+------+---------+------+

Report Instance Areas: 
+------+-------------+--------+------+
|      |Instance     |Module  |Cells |
+------+-------------+--------+------+
|1     |top          |        |  2733|
|2     |  confreg0   |confreg |   276|
|3     |  mycpu0     |mycpu   |  2347|
|4     |    _alu     |alu     |   177|
|5     |    _pc      |pc      |    39|
|6     |    _regfile |regfile |  2128|
+------+-------------+--------+------+
---------------------------------------------------------------------------------
Finished Writing Synthesis Report : Time (s): cpu = 00:00:36 ; elapsed = 00:00:37 . Memory (MB): peak = 1160.789 ; gain = 435.914
---------------------------------------------------------------------------------
Synthesis finished with 0 errors, 0 critical warnings and 0 warnings.
Synthesis Optimization Runtime : Time (s): cpu = 00:00:28 ; elapsed = 00:00:34 . Memory (MB): peak = 1160.789 ; gain = 315.113
Synthesis Optimization Complete : Time (s): cpu = 00:00:36 ; elapsed = 00:00:37 . Memory (MB): peak = 1160.789 ; gain = 435.914
INFO: [Project 1-571] Translating synthesized netlist
Netlist sorting complete. Time (s): cpu = 00:00:00 ; elapsed = 00:00:00.031 . Memory (MB): peak = 1172.910 ; gain = 0.000
INFO: [Netlist 29-17] Analyzing 367 Unisim elements for replacement
INFO: [Netlist 29-28] Unisim Transformation completed in 0 CPU seconds
INFO: [Project 1-570] Preparing netlist for logic optimization
INFO: [Opt 31-138] Pushed 0 inverter(s) to 0 load pin(s).
Netlist sorting complete. Time (s): cpu = 00:00:00 ; elapsed = 00:00:00 . Memory (MB): peak = 1172.910 ; gain = 0.000
INFO: [Project 1-111] Unisim Transformation Summary:
No Unisim elements were transformed.

INFO: [Common 17-83] Releasing license: Synthesis
40 Infos, 19 Warnings, 0 Critical Warnings and 0 Errors encountered.
synth_design completed successfully
synth_design: Time (s): cpu = 00:00:41 ; elapsed = 00:00:43 . Memory (MB): peak = 1172.910 ; gain = 716.355
Netlist sorting complete. Time (s): cpu = 00:00:00 ; elapsed = 00:00:00.001 . Memory (MB): peak = 1172.910 ; gain = 0.000
WARNING: [Constraints 18-5210] No constraints selected for write.
Resolution: This message can indicate that there are no constraints for the design, or it can indicate that the used_in flags are set such that the constraints are ignored. This later case is used when running synth_design to not write synthesis constraints to the resulting checkpoint. Instead, project constraints are read when the synthesized design is opened.
INFO: [Common 17-1381] The checkpoint 'D:/Documents/vivado/single_cycle/single_cycle.runs/synth_1/single_cycle.dcp' has been generated.
INFO: [runtcl-4] Executing : report_utilization -file single_cycle_utilization_synth.rpt -pb single_cycle_utilization_synth.pb
INFO: [Common 17-206] Exiting Vivado at Sun Oct 10 23:29:46 2021...
